T4F1C 000:005.488   SEGGER J-Link V9.14a Log File
T4F1C 000:005.761   DLL Compiled: Jan 28 2026 17:11:52
T4F1C 000:005.794   Logging started @ 2026-04-27 13:05
T4F1C 000:005.824   Process: C:\Users\a5143778\.eclipse\com.renesas.platform_1873052189\DebugComp\RA\e2-server-gdb.exe
T4F1C 000:005.860 - 5.853ms 
T4F1C 000:005.905 JLINK_GetDLLVersion()
T4F1C 000:005.934 - 0.031ms returns 91401
T4F1C 000:020.026 JLINK_OpenEx(...)
T4F1C 000:042.059   Firmware: J-Link OB-S124 compiled Dec 10 2025 15:52:46
T4F1C 000:043.173   Firmware: J-Link OB-S124 compiled Dec 10 2025 15:52:46
T4F1C 000:068.708   Hardware: V1.00
T4F1C 000:068.787   S/N: 831461109
T4F1C 000:068.818   OEM: SEGGER
T4F1C 000:068.864   Feature(s): None
T4F1C 000:070.373   Bootloader: 2017 Feb 06
T4F1C 000:071.351   USB speed mode: Full speed (12 MBit/s)
T4F1C 000:072.406   TELNET listener socket opened on port 19021
T4F1C 000:073.106   WEBSRV WEBSRV_Init(): Starting webserver thread(s)
T4F1C 000:073.628   WEBSRV Webserver running on local port 19080
T4F1C 000:074.101   Looking for J-Link GUI Server exe at: C:\Users\a5143778\.eclipse\com.renesas.platform_1873052189\DebugComp\RA\ARM\Segger_v9.14.1\JLinkGUIServer.exe
T4F1C 000:074.738   Looking for J-Link GUI Server exe at: C:\Program Files (x86)\SEGGER\JLink\\JLinkGUIServer.exe
T4F1C 000:074.939   Forking J-Link GUI Server: C:\Program Files (x86)\SEGGER\JLink\\JLinkGUIServer.exe
T4F1C 000:339.549   J-Link GUI Server info: "J-Link GUI server V7.88e "
T4F1C 000:348.628 - 328.597ms returns "O.K."
T4F1C 000:349.143 JLINK_ExecCommand("ProjectFile=C:\Users\a5143778\Desktop\Customers\New_MC_Platform\e2studio_workspace\RA6T2_OVERMODULATION_TIM/RA6T2_OVERMODULATION_TIM Debug_Flat.jlink", ...). 
T4F1C 000:392.688 - 43.546ms returns 0x00
T4F1C 000:393.480 JLINK_ExecCommand("device=R7FA6T2BD", ...). 
T4F1C 000:394.750   Flash bank @ 0x0100A100: SFL: Parsing sectorization info from ELF file
T4F1C 000:394.813     FlashDevice.SectorInfo[0]: .SectorSize = 0x00000010, .SectorStartAddr = 0x00000000
T4F1C 000:394.847   FlashBank @0x0100A100: Sectorization info from SFL ELF file ignored because sectorization override from DLL / XML file is active.
T4F1C 000:394.914   Flash bank @ 0x00000000: SFL: Parsing sectorization info from ELF file
T4F1C 000:394.949     FlashDevice.SectorInfo[0]: .SectorSize = 0x00002000, .SectorStartAddr = 0x00000000
T4F1C 000:394.983   FlashBank @0x00000000: Sectorization info from SFL ELF file ignored because sectorization override from DLL / XML file is active.
T4F1C 000:395.244   Flash bank @ 0x08000000: SFL: Parsing sectorization info from ELF file
T4F1C 000:395.283     FlashDevice.SectorInfo[0]: .SectorSize = 0x00000040, .SectorStartAddr = 0x00000000
T4F1C 000:395.317   FlashBank @0x08000000: Sectorization info from SFL ELF file ignored because sectorization override from DLL / XML file is active.
T4F1C 000:395.377   Device "R7FA6T2BD" selected.
T4F1C 000:397.693 - 4.212ms returns 0x00
T4F1C 000:397.742 JLINK_TIF_GetAvailable(...)
T4F1C 000:398.091 - 0.348ms 
T4F1C 000:398.128 JLINK_TIF_Select(JLINKARM_TIF_SWD)
T4F1C 000:399.168 - 1.039ms returns 0x00
T4F1C 000:399.216 JLINK_SetSpeed(4000)
T4F1C 000:399.328 - 0.115ms 
T4F1C 000:399.374 JLINK_ReadMem(0xE000EDF0, 0x4 Bytes, ...)
T4F1C 000:399.679   ConfigTargetSettings() start
T4F1C 000:399.756    J-Link Script File: Executing ConfigTargetSettings()
T4F1C 000:399.786   Configuring FlashDLNoRMWThreshold=0x200 in order to make sure that option bytes programming is done via read-modify-write
T4F1C 000:433.508   ConfigTargetSettings() end - Took 33.7ms
T4F1C 000:433.600   InitTarget() start
T4F1C 000:433.635    J-Link Script File: Executing InitTarget()
T4F1C 000:433.877   SWD selected. Executing JTAG -> SWD switching sequence.
T4F1C 000:437.569   DAP initialized successfully.
T4F1C 000:437.655   Determining TrustZone configuration...
T4F1C 000:439.616     Secure Debug: Enabled (SSD)
T4F1C 000:439.665   Determining currently configured transfer type by reading the AHB-AP CSW register.
T4F1C 000:441.214     --> Correct transfer type configured. Done.
T4F1C 000:441.354   InitTarget() end - Took 7.71ms
T4F1C 000:442.370   Found SW-DP with ID 0x6BA02477
T4F1C 000:446.402   DPIDR: 0x6BA02477
T4F1C 000:446.446   CoreSight SoC-400 or earlier
T4F1C 000:446.482   Scanning AP map to find all available APs
T4F1C 000:448.252   AP[2]: Stopped AP scan as end of AP map has been reached
T4F1C 000:448.315   AP[0]: AHB-AP (IDR: 0x84770001, ADDR: 0x00000000)
T4F1C 000:448.358   AP[1]: APB-AP (IDR: 0x54770002, ADDR: 0x01000000)
T4F1C 000:448.394   Iterating through AP map to find AHB-AP to use
T4F1C 000:450.190   AP[0]: Core found
T4F1C 000:450.276   AP[0]: AHB-AP ROM base: 0xE00FE000
T4F1C 000:451.100   CPUID register: 0x410FD214. Implementer code: 0x41 (ARM)
T4F1C 000:451.140   Feature set: Mainline
T4F1C 000:451.996   Cache: No cache
T4F1C 000:452.036   Found Cortex-M33 r0p4, Little endian.
T4F1C 000:452.654   -- Max. mem block: 0x00001B60
T4F1C 000:454.216   CPU_ReadMem(4 bytes @ 0xE000EDF0)
T4F1C 000:455.161   CPU_WriteMem(4 bytes @ 0xE000EDF0)
T4F1C 000:455.914   CPU_ReadMem(4 bytes @ 0xE0002000)
T4F1C 000:456.588   FPUnit: 8 code (BP) slots and 0 literal slots
T4F1C 000:456.626   CPU_ReadMem(4 bytes @ 0xE000EDFC)
T4F1C 000:457.275   CPU_WriteMem(4 bytes @ 0xE000EDFC)
T4F1C 000:458.014   CPU_ReadMem(4 bytes @ 0xE0001000)
T4F1C 000:458.641   CPU_ReadMem(4 bytes @ 0xE0001000)
T4F1C 000:459.328   CPU_ReadMem(4 bytes @ 0xE0001028)
T4F1C 000:459.922   CPU_ReadMem(4 bytes @ 0xE0001038)
T4F1C 000:460.573   CPU_ReadMem(4 bytes @ 0xE0001048)
T4F1C 000:461.193   CPU_ReadMem(4 bytes @ 0xE0001058)
T4F1C 000:461.848   CPU_WriteMem(4 bytes @ 0xE0001000)
T4F1C 000:462.527   CPU_ReadMem(4 bytes @ 0xE000ED88)
T4F1C 000:463.206   CPU_WriteMem(4 bytes @ 0xE000ED88)
T4F1C 000:463.951   CPU_ReadMem(4 bytes @ 0xE000ED88)
T4F1C 000:464.620   CPU_WriteMem(4 bytes @ 0xE000ED88)
T4F1C 000:465.395   CPU_ReadMem(4 bytes @ 0xE000EFB8)
T4F1C 000:466.118   Security extension: implemented
T4F1C 000:466.196   Secure debug: enabled
T4F1C 000:466.229   CoreSight components:
T4F1C 000:466.261   ROMTbl[0] @ E00FE000
T4F1C 000:466.296   CPU_ReadMem(64 bytes @ 0xE00FE000)
T4F1C 000:467.748   CPU_ReadMem(32 bytes @ 0xE0044FE0)
T4F1C 000:468.766   CPU_ReadMem(4 bytes @ 0xE0044FBC)
T4F1C 000:469.461   CPU_ReadMem(4 bytes @ 0xE0044FCC)
T4F1C 000:470.167   [0][0]: E0044000 CID B105900D PID 005BB906 DEVARCH 00000000 DEVTYPE 14 CTI (?)
T4F1C 000:470.210   CPU_ReadMem(32 bytes @ 0xE0047FE0)
T4F1C 000:471.208   CPU_ReadMem(4 bytes @ 0xE0047FBC)
T4F1C 000:471.963   CPU_ReadMem(4 bytes @ 0xE0047FCC)
T4F1C 000:472.617   [0][1]: E0047000 CID B105900D PID 003BB908 DEVARCH 00000000 DEVTYPE 12 CSTF
T4F1C 000:472.688   CPU_ReadMem(32 bytes @ 0xE0048FE0)
T4F1C 000:473.773   CPU_ReadMem(4 bytes @ 0xE0048FBC)
T4F1C 000:474.486   CPU_ReadMem(4 bytes @ 0xE0048FCC)
T4F1C 000:475.160   [0][2]: E0048000 CID B105900D PID 001BB961 DEVARCH 00000000 DEVTYPE 21 TMC
T4F1C 000:475.196   CPU_ReadMem(32 bytes @ 0xE0049FE0)
T4F1C 000:476.212   [0][3]: E0049000 CID B105F00D PID 001BB101 TSG
T4F1C 000:476.250   CPU_ReadMem(32 bytes @ 0xE0040FE0)
T4F1C 000:477.291   CPU_ReadMem(4 bytes @ 0xE0040FBC)
T4F1C 000:477.966   CPU_ReadMem(4 bytes @ 0xE0040FCC)
T4F1C 000:478.644   [0][4]: E0040000 CID B105900D PID 000BBD21 DEVARCH 00000000 DEVTYPE 11 TPIU
T4F1C 000:478.681   CPU_ReadMem(32 bytes @ 0xE00FFFE0)
T4F1C 000:479.687   [0][5]: E00FF000 CID B105100D PID 000BB4C9 ROM Table
T4F1C 000:479.724   ROMTbl[1] @ E00FF000
T4F1C 000:479.757   CPU_ReadMem(64 bytes @ 0xE00FF000)
T4F1C 000:481.215   CPU_ReadMem(32 bytes @ 0xE000EFE0)
T4F1C 000:482.306   CPU_ReadMem(4 bytes @ 0xE000EFBC)
T4F1C 000:482.987   CPU_ReadMem(4 bytes @ 0xE000EFCC)
T4F1C 000:483.684   [1][0]: E000E000 CID B105900D PID 000BBD21 DEVARCH 47702A04 DEVTYPE 00 Cortex-M33
T4F1C 000:483.730   CPU_ReadMem(32 bytes @ 0xE0001FE0)
T4F1C 000:484.783   CPU_ReadMem(4 bytes @ 0xE0001FBC)
T4F1C 000:485.511   CPU_ReadMem(4 bytes @ 0xE0001FCC)
T4F1C 000:486.174   [1][1]: E0001000 CID B105900D PID 000BBD21 DEVARCH 47701A02 DEVTYPE 00 DWT
T4F1C 000:486.221   CPU_ReadMem(32 bytes @ 0xE0002FE0)
T4F1C 000:487.155   CPU_ReadMem(4 bytes @ 0xE0002FBC)
T4F1C 000:487.878   CPU_ReadMem(4 bytes @ 0xE0002FCC)
T4F1C 000:488.708   [1][2]: E0002000 CID B105900D PID 000BBD21 DEVARCH 47701A03 DEVTYPE 00 FPB
T4F1C 000:488.768   CPU_ReadMem(32 bytes @ 0xE0000FE0)
T4F1C 000:489.849   CPU_ReadMem(4 bytes @ 0xE0000FBC)
T4F1C 000:490.612   CPU_ReadMem(4 bytes @ 0xE0000FCC)
T4F1C 000:491.473   [1][3]: E0000000 CID B105900D PID 000BBD21 DEVARCH 47701A01 DEVTYPE 43 ITM
T4F1C 000:491.510   CPU_ReadMem(32 bytes @ 0xE0041FE0)
T4F1C 000:492.595   CPU_ReadMem(4 bytes @ 0xE0041FBC)
T4F1C 000:493.326   CPU_ReadMem(4 bytes @ 0xE0041FCC)
T4F1C 000:494.055   [1][5]: E0041000 CID B105900D PID 002BBD21 DEVARCH 47724A13 DEVTYPE 13 ETM
T4F1C 000:494.090   CPU_ReadMem(32 bytes @ 0xE0042FE0)
T4F1C 000:495.226   CPU_ReadMem(4 bytes @ 0xE0042FBC)
T4F1C 000:495.937   CPU_ReadMem(4 bytes @ 0xE0042FCC)
T4F1C 000:496.586   [1][6]: E0042000 CID B105900D PID 000BBD21 DEVARCH 47701A14 DEVTYPE 14 CSS600-CTI
T4F1C 000:496.715   CPU_ReadMem(4 bytes @ 0xE000EDF0)
T4F1C 000:497.420   Data:  01 00 10 01
T4F1C 000:497.484   Debug reg: DHCSR
T4F1C 000:497.517 - 98.143ms returns 0
T4F1C 000:497.557 JLINK_ReadMem(0x400E002C, 0x4 Bytes, ...)
T4F1C 000:497.584   CPU_ReadMem(4 bytes @ 0x400E002C)
T4F1C 000:498.271   Data:  02 00 00 00
T4F1C 000:498.323 - 0.766ms returns 0
T4F1C 000:498.400 JLINK_ReadMem(0xE000EDF0, 0x4 Bytes, ...)
T4F1C 000:498.428   CPU_ReadMem(4 bytes @ 0xE000EDF0)
T4F1C 000:499.167   Data:  01 00 10 01
T4F1C 000:499.202   Debug reg: DHCSR
T4F1C 000:499.233 - 0.833ms returns 0
T4F1C 000:499.288 JLINK_ReadMem(0xE000EDF0, 0x4 Bytes, ...)
T4F1C 000:499.313   CPU_ReadMem(4 bytes @ 0xE000EDF0)
T4F1C 000:500.097   Data:  01 00 10 01
T4F1C 000:500.159   Debug reg: DHCSR
T4F1C 000:500.193 - 0.904ms returns 0
T4F1C 000:500.219 JLINK_ReadMem(0x400E001C, 0x4 Bytes, ...)
T4F1C 000:500.244   CPU_ReadMem(4 bytes @ 0x400E001C)
T4F1C 000:500.928   Data:  00 D8 00 00
T4F1C 000:501.008 - 0.788ms returns 0
T4F1C 000:501.040 JLINK_ReadMem(0xE000EDF0, 0x4 Bytes, ...)
T4F1C 000:501.066   CPU_ReadMem(4 bytes @ 0xE000EDF0)
T4F1C 000:501.813   Data:  01 00 10 01
T4F1C 000:501.871   Debug reg: DHCSR
T4F1C 000:501.903 - 0.863ms returns 0
T4F1C 000:501.929 JLINK_ReadMem(0x400E0018, 0x4 Bytes, ...)
T4F1C 000:501.954   CPU_ReadMem(4 bytes @ 0x400E0018)
T4F1C 000:502.719   Data:  00 00 01 00
T4F1C 000:502.777 - 0.848ms returns 0
T4F1C 000:502.807 JLINK_ReadMem(0xE000EDF0, 0x4 Bytes, ...)
T4F1C 000:502.833   CPU_ReadMem(4 bytes @ 0xE000EDF0)
T4F1C 000:503.574   Data:  01 00 10 01
T4F1C 000:503.632   Debug reg: DHCSR
T4F1C 000:503.667 - 0.859ms returns 0
T4F1C 000:503.693 JLINK_ReadMem(0x400E0020, 0x4 Bytes, ...)
T4F1C 000:503.719   CPU_ReadMem(4 bytes @ 0x400E0020)
T4F1C 000:504.473   Data:  00 00 00 00
T4F1C 000:504.531 - 0.838ms returns 0
T4F1C 000:504.567 JLINK_ReadMem(0xE000EDF0, 0x4 Bytes, ...)
T4F1C 000:504.593   CPU_ReadMem(4 bytes @ 0xE000EDF0)
T4F1C 000:505.405   Data:  01 00 10 01
T4F1C 000:505.463   Debug reg: DHCSR
T4F1C 000:505.494 - 0.927ms returns 0
T4F1C 000:505.520 JLINK_ReadMem(0x400E0028, 0x4 Bytes, ...)
T4F1C 000:505.546   CPU_ReadMem(4 bytes @ 0x400E0028)
T4F1C 000:506.313   Data:  00 20 00 00
T4F1C 000:506.371 - 0.850ms returns 0
T4F1C 000:506.402 JLINK_ReadMem(0xE000EDF0, 0x4 Bytes, ...)
T4F1C 000:506.428   CPU_ReadMem(4 bytes @ 0xE000EDF0)
T4F1C 000:507.229   Data:  01 00 10 01
T4F1C 000:507.287   Debug reg: DHCSR
T4F1C 000:507.319 - 0.916ms returns 0
T4F1C 000:507.348 JLINK_ReadMem(0x400E0024, 0x4 Bytes, ...)
T4F1C 000:507.374   CPU_ReadMem(4 bytes @ 0x400E0024)
T4F1C 000:508.025   Data:  00 20 00 00
T4F1C 000:508.105 - 0.756ms returns 0
T4F1C 000:508.146 JLINK_ReadMem(0xE000EDF0, 0x4 Bytes, ...)
T4F1C 000:508.178   CPU_ReadMem(4 bytes @ 0xE000EDF0)
T4F1C 000:508.879   Data:  01 00 10 01
T4F1C 000:508.959   Debug reg: DHCSR
T4F1C 000:508.998 - 0.852ms returns 0
T4F1C 000:509.024 JLINK_ReadMem(0x400E002C, 0x4 Bytes, ...)
T4F1C 000:509.054   CPU_ReadMem(4 bytes @ 0x400E002C)
T4F1C 000:509.849   Data:  02 00 00 00
T4F1C 000:509.893 - 0.869ms returns 0
T4F1C 000:509.923 JLINK_ReadMem(0xE000EDF0, 0x4 Bytes, ...)
T4F1C 000:509.947   CPU_ReadMem(4 bytes @ 0xE000EDF0)
T4F1C 000:510.696   Data:  01 00 10 01
T4F1C 000:510.777   Debug reg: DHCSR
T4F1C 000:510.818 - 0.895ms returns 0
T4F1C 000:510.854 JLINK_ReadMem(0x400E002C, 0x4 Bytes, ...)
T4F1C 000:510.887   CPU_ReadMem(4 bytes @ 0x400E002C)
T4F1C 000:511.716   Data:  02 00 00 00
T4F1C 000:511.786 - 0.931ms returns 0
T4F1C 000:522.374 JLINK_Close()
T4F1C 000:543.595 - 21.219ms
T4F1C 000:543.693   
T4F1C 000:543.714   Closed
