Extracting support files...
13:53:50 **** Incremental Build of configuration Debug for project RA6T2_MCIHV1_IPM_LESS_FOC_WHOLE_PFC_E2S_V100 ****
make -r -j8 all 
make --no-print-directory main-build
Building file: ../src/application/system_module/system_manager/r_system_manager.c
Building file: ../src/application/system_module/system_manager/r_system_manager_api.c
Building file: ../src/application/user_interface/ics/r_mtr_ics.c
Building file: ../src/application/pfc_module/pfc_systask/r_pfc_manager.c
Building file: ../src/application/pfc_module/pfc_systask/r_pfc_manager_api.c
Building file: ../src/application/pfc_module/pfc_systask/r_pfc_manager_protection.c
Building file: ../src/application/pfc_module/pfc_general/r_pfc_filter.c
Building file: ../src/application/pfc_module/pfc_general/r_pfc_pi_control.c
../src/application/user_interface/ics/r_mtr_ics.c:34:10: fatal error: r_app_mcu.h: No such file or directory
   34 | #include "r_app_mcu.h"
      |          ^~~~~~~~~~~~~
compilation terminated.
../src/application/pfc_module/pfc_systask/r_pfc_manager.c:38:10: fatal error: r_pfc_driver_hal.h: No such file or directory
   38 | #include "r_pfc_driver_hal.h"
      |          ^~~~~~~~~~~~~~~~~~~~
compilation terminated.
make[1]: *** [src/application/user_interface/ics/subdir.mk:29: src/application/user_interface/ics/r_mtr_ics.o] Error 1
make[1]: *** Waiting for unfinished jobs....
make[1]: *** [src/application/pfc_module/pfc_systask/subdir.mk:31: src/application/pfc_module/pfc_systask/r_pfc_manager.o] Error 1
make: *** [makefile:110: all] Error 2
"make -r -j8 all" terminated with exit code 2. Build might be incomplete.
